<?xml version="1.0" encoding="UTF-8"?>
<!-- Generated by org.testng.reporters.JUnitXMLReporter -->
<testsuite ignored="2" hostname="DESKTOP-N91DUGJ" failures="0" tests="1" name="Default test" time="4.752" errors="0" timestamp="2022-12-04T01:02:54 IST">
  <testcase classname="test.TestClass" name="Test1" time="2.944"/>
  <testcase classname="test.TestClass" name="Test2" time="0.0">
    <ignored/>
  </testcase> <!-- Test2 -->
  <testcase classname="test.TestClass" name="Test3" time="0.0">
    <ignored/>
  </testcase> <!-- Test3 -->
</testsuite> <!-- Default test -->
