<?xml version="1.0" encoding="UTF-8"?>
<testng-results ignored="0" total="3" passed="3" failed="0" skipped="0">
  <reporter-output>
  </reporter-output>
  <suite started-at="2022-12-04T01:03:59 IST" name="Suite" finished-at="2022-12-04T01:04:12 IST" duration-ms="12376">
    <groups>
    </groups>
    <test started-at="2022-12-04T01:03:59 IST" name="Test" finished-at="2022-12-04T01:04:12 IST" duration-ms="12376">
      <class name="test.TestClass">
        <test-method is-config="true" signature="launchDriver()[pri:0, instance:test.TestClass@26e356f0]" started-at="2022-12-04T01:03:59 IST" name="launchDriver" finished-at="2022-12-04T01:04:01 IST" duration-ms="1616" status="PASS">
          <reporter-output>
          </reporter-output>
        </test-method> <!-- launchDriver -->
        <test-method signature="Test1()[pri:0, instance:test.TestClass@26e356f0]" started-at="2022-12-04T01:04:01 IST" name="Test1" finished-at="2022-12-04T01:04:04 IST" duration-ms="3115" status="PASS">
          <reporter-output>
          </reporter-output>
        </test-method> <!-- Test1 -->
        <test-method is-config="true" signature="quit()[pri:0, instance:test.TestClass@26e356f0]" started-at="2022-12-04T01:04:04 IST" name="quit" finished-at="2022-12-04T01:04:04 IST" duration-ms="117" status="PASS">
          <reporter-output>
          </reporter-output>
        </test-method> <!-- quit -->
        <test-method is-config="true" signature="launchDriver()[pri:0, instance:test.TestClass@26e356f0]" started-at="2022-12-04T01:04:04 IST" name="launchDriver" finished-at="2022-12-04T01:04:05 IST" duration-ms="976" status="PASS">
          <reporter-output>
          </reporter-output>
        </test-method> <!-- launchDriver -->
        <test-method signature="Test2()[pri:0, instance:test.TestClass@26e356f0]" started-at="2022-12-04T01:04:05 IST" name="Test2" finished-at="2022-12-04T01:04:07 IST" duration-ms="2130" status="PASS">
          <reporter-output>
          </reporter-output>
        </test-method> <!-- Test2 -->
        <test-method is-config="true" signature="quit()[pri:0, instance:test.TestClass@26e356f0]" started-at="2022-12-04T01:04:07 IST" name="quit" finished-at="2022-12-04T01:04:07 IST" duration-ms="119" status="PASS">
          <reporter-output>
          </reporter-output>
        </test-method> <!-- quit -->
        <test-method is-config="true" signature="launchDriver()[pri:0, instance:test.TestClass@26e356f0]" started-at="2022-12-04T01:04:07 IST" name="launchDriver" finished-at="2022-12-04T01:04:08 IST" duration-ms="993" status="PASS">
          <reporter-output>
          </reporter-output>
        </test-method> <!-- launchDriver -->
        <test-method signature="Test3()[pri:0, instance:test.TestClass@26e356f0]" started-at="2022-12-04T01:04:08 IST" name="Test3" finished-at="2022-12-04T01:04:12 IST" duration-ms="3165" status="PASS">
          <reporter-output>
          </reporter-output>
        </test-method> <!-- Test3 -->
        <test-method is-config="true" signature="quit()[pri:0, instance:test.TestClass@26e356f0]" started-at="2022-12-04T01:04:12 IST" name="quit" finished-at="2022-12-04T01:04:12 IST" duration-ms="121" status="PASS">
          <reporter-output>
          </reporter-output>
        </test-method> <!-- quit -->
      </class> <!-- test.TestClass -->
    </test> <!-- Test -->
  </suite> <!-- Suite -->
</testng-results>
