<?xml version="1.0" encoding="UTF-8"?>
<testng-results ignored="0" total="3" passed="3" failed="0" skipped="0">
  <reporter-output>
  </reporter-output>
  <suite started-at="2022-12-04T01:03:03 IST" name="Suite" finished-at="2022-12-04T01:03:17 IST" duration-ms="13335">
    <groups>
    </groups>
    <test started-at="2022-12-04T01:03:03 IST" name="Test" finished-at="2022-12-04T01:03:17 IST" duration-ms="13335">
      <class name="test.TestClass">
        <test-method is-config="true" signature="launchDriver()[pri:0, instance:test.TestClass@5e600dd5]" started-at="2022-12-04T01:03:03 IST" name="launchDriver" finished-at="2022-12-04T01:03:05 IST" duration-ms="1617" status="PASS">
          <reporter-output>
          </reporter-output>
        </test-method> <!-- launchDriver -->
        <test-method signature="Test1()[pri:0, instance:test.TestClass@5e600dd5]" started-at="2022-12-04T01:03:05 IST" name="Test1" finished-at="2022-12-04T01:03:08 IST" duration-ms="2740" status="PASS">
          <reporter-output>
          </reporter-output>
        </test-method> <!-- Test1 -->
        <test-method is-config="true" signature="quit()[pri:0, instance:test.TestClass@5e600dd5]" started-at="2022-12-04T01:03:08 IST" name="quit" finished-at="2022-12-04T01:03:08 IST" duration-ms="121" status="PASS">
          <reporter-output>
          </reporter-output>
        </test-method> <!-- quit -->
        <test-method is-config="true" signature="launchDriver()[pri:0, instance:test.TestClass@5e600dd5]" started-at="2022-12-04T01:03:08 IST" name="launchDriver" finished-at="2022-12-04T01:03:09 IST" duration-ms="904" status="PASS">
          <reporter-output>
          </reporter-output>
        </test-method> <!-- launchDriver -->
        <test-method signature="Test2()[pri:0, instance:test.TestClass@5e600dd5]" started-at="2022-12-04T01:03:09 IST" name="Test2" finished-at="2022-12-04T01:03:13 IST" duration-ms="4600" status="PASS">
          <reporter-output>
          </reporter-output>
        </test-method> <!-- Test2 -->
        <test-method is-config="true" signature="quit()[pri:0, instance:test.TestClass@5e600dd5]" started-at="2022-12-04T01:03:13 IST" name="quit" finished-at="2022-12-04T01:03:13 IST" duration-ms="130" status="PASS">
          <reporter-output>
          </reporter-output>
        </test-method> <!-- quit -->
        <test-method is-config="true" signature="launchDriver()[pri:0, instance:test.TestClass@5e600dd5]" started-at="2022-12-04T01:03:13 IST" name="launchDriver" finished-at="2022-12-04T01:03:14 IST" duration-ms="904" status="PASS">
          <reporter-output>
          </reporter-output>
        </test-method> <!-- launchDriver -->
        <test-method signature="Test3()[pri:0, instance:test.TestClass@5e600dd5]" started-at="2022-12-04T01:03:14 IST" name="Test3" finished-at="2022-12-04T01:03:16 IST" duration-ms="2171" status="PASS">
          <reporter-output>
          </reporter-output>
        </test-method> <!-- Test3 -->
        <test-method is-config="true" signature="quit()[pri:0, instance:test.TestClass@5e600dd5]" started-at="2022-12-04T01:03:16 IST" name="quit" finished-at="2022-12-04T01:03:17 IST" duration-ms="124" status="PASS">
          <reporter-output>
          </reporter-output>
        </test-method> <!-- quit -->
      </class> <!-- test.TestClass -->
    </test> <!-- Test -->
  </suite> <!-- Suite -->
</testng-results>
